{"level":"error","message":"Upload Error: The \"key.key\" property must be of type string or an instance of ArrayBuffer, Buffer, TypedArray, DataView, KeyObject, or CryptoKey. Received undefined","timestamp":"2025-03-18T09:30:08.696Z"}
{"level":"error","message":"Upload Error: The \"key.key\" property must be of type string or an instance of ArrayBuffer, Buffer, TypedArray, DataView, KeyObject, or CryptoKey. Received undefined","timestamp":"2025-03-18T09:37:58.526Z"}
{"level":"error","message":"Encryption Error: error:1E08010C:DECODER routines::unsupported","timestamp":"2025-03-18T09:38:12.052Z"}
{"level":"error","message":"Upload Error: error:1E08010C:DECODER routines::unsupported","timestamp":"2025-03-18T09:38:12.053Z"}
{"level":"error","message":"RSA Encryption Error: error:1E08010C:DECODER routines::unsupported","timestamp":"2025-03-19T09:44:18.803Z"}
{"level":"error","message":"Upload Error: RSA Encryption Failed","timestamp":"2025-03-19T09:44:18.823Z"}
{"level":"error","message":"RSA Encryption Error: error:1E08010C:DECODER routines::unsupported","timestamp":"2025-03-19T09:57:08.440Z"}
{"level":"error","message":"Upload Error: RSA Encryption Failed","timestamp":"2025-03-19T09:57:08.441Z"}
{"level":"error","message":"RSA Encryption Error: error:1E08010C:DECODER routines::unsupported","timestamp":"2025-03-19T10:02:47.136Z"}
{"level":"error","message":"Upload Error: RSA Encryption Failed","timestamp":"2025-03-19T10:02:47.136Z"}
{"level":"error","message":"RSA Encryption Error: error:1E08010C:DECODER routines::unsupported","timestamp":"2025-03-19T10:07:46.472Z"}
{"level":"error","message":"Upload Error: RSA Encryption Failed","timestamp":"2025-03-19T10:07:46.472Z"}
{"level":"error","message":"RSA Encryption Error: error:1E08010C:DECODER routines::unsupported","timestamp":"2025-03-19T10:10:36.894Z"}
{"level":"error","message":"RSA Encryption Error: error:1E08010C:DECODER routines::unsupported","timestamp":"2025-03-19T10:12:16.687Z"}
{"level":"error","message":"RSA Encryption Error: error:1E08010C:DECODER routines::unsupported","timestamp":"2025-03-19T10:16:24.614Z"}
{"level":"error","message":"Upload Error: The \"cb\" argument must be of type function. Received undefined","timestamp":"2025-03-19T10:35:23.470Z"}
{"level":"error","message":"Upload Error: The \"cb\" argument must be of type function. Received undefined","timestamp":"2025-03-19T10:37:12.466Z"}
{"level":"error","message":"Upload Error: error:1E08010C:DECODER routines::unsupported","timestamp":"2025-03-19T10:37:23.053Z"}
{"level":"error","message":"Upload Error: error:1E08010C:DECODER routines::unsupported","timestamp":"2025-03-19T10:41:11.160Z"}
{"level":"error","message":"Upload Error: error:1E08010C:DECODER routines::unsupported","timestamp":"2025-03-19T10:43:17.055Z"}
{"level":"error","message":"Upload Error: error:0200006E:rsa routines::data too large for key size","timestamp":"2025-03-19T11:03:55.537Z"}
{"level":"error","message":"Upload Error: error:0200006E:rsa routines::data too large for key size","timestamp":"2025-03-19T11:08:06.610Z"}
